<?xml version="1.0" encoding="UTF-8"?>
<!-- Generated by org.testng.reporters.JUnitXMLReporter -->
<testsuite ignored="0" hostname="DESKTOP-MATN0N1" failures="3" tests="3" name="Test" time="1.347" errors="0" timestamp="2022-02-16T15:16:14 IST">
  <testcase classname="TestPackage.AddToDosTest" name="AddToDosList" time="0.024">
    <failure type="java.lang.Error" message="Unresolved compilation problem: 
">
      <![CDATA[java.lang.Error: Unresolved compilation problem: 

at MainPackage.ObjectRepository.<init>(ObjectRepository.java:68)
at TestPackage.AddToDosTest.AddToDosList(AddToDosTest.java:14)
at java.base/java.util.ArrayList.forEach(ArrayList.java:1541)
... Removed 27 stack frames]]>
    </failure>
  </testcase> <!-- AddToDosList -->
  <testcase classname="TestPackage.AddToDosTest" name="AddToDosList1" time="0.003">
    <failure type="java.lang.Error" message="Unresolved compilation problem: 
">
      <![CDATA[java.lang.Error: Unresolved compilation problem: 

at MainPackage.ObjectRepository.<init>(ObjectRepository.java:68)
at TestPackage.AddToDosTest.AddToDosList1(AddToDosTest.java:22)
at java.base/java.util.ArrayList.forEach(ArrayList.java:1541)
... Removed 27 stack frames]]>
    </failure>
  </testcase> <!-- AddToDosList1 -->
  <testcase classname="TestPackage.EditTodaosTest" name="AddToDosList" time="0.004">
    <failure type="java.lang.Error" message="Unresolved compilation problem: 
">
      <![CDATA[java.lang.Error: Unresolved compilation problem: 

at MainPackage.ObjectRepository.<init>(ObjectRepository.java:68)
at TestPackage.EditTodaosTest.AddToDosList(EditTodaosTest.java:12)
at java.base/java.util.ArrayList.forEach(ArrayList.java:1541)
... Removed 27 stack frames]]>
    </failure>
  </testcase> <!-- AddToDosList -->
</testsuite> <!-- Test -->
