<?xml version="1.0" encoding="UTF-8"?>
<!-- Generated by org.testng.reporters.JUnitXMLReporter -->
<testsuite ignored="0" hostname="DESKTOP-MATN0N1" failures="2" tests="7" name="Test" time="12.944" errors="0" timestamp="2022-02-20T16:07:18 IST">
  <testcase classname="TestPackage.ActionsOnToDosPage" name="AddToDosListTest" time="0.649"/>
  <testcase classname="TestPackage.ActionsOnToDosPage" name="AddToDosListTest" time="0.326"/>
  <testcase classname="TestPackage.ActionsOnToDosPage" name="AddToDosListTest" time="0.266"/>
  <testcase classname="TestPackage.ActionsOnToDosPage" name="AddToDosListTest" time="0.378"/>
  <testcase classname="TestPackage.ActionsOnToDosPage" name="AddToDosListTest" time="0.317"/>
  <testcase classname="TestPackage.ActionsOnToDosPage" name="DeleteTodos" time="1.236">
    <failure type="java.lang.AssertionError" message="expected [false] but found [true]">
      <![CDATA[java.lang.AssertionError: expected [false] but found [true]
at TestPackage.ActionsOnToDosPage.DeleteTodos(ActionsOnToDosPage.java:97)
at java.base/java.util.ArrayList.forEach(ArrayList.java:1541)
... Removed 37 stack frames]]>
    </failure>
  </testcase> <!-- DeleteTodos -->
  <testcase classname="TestPackage.ActionsOnToDosPage" name="EditToDosTest" time="1.677">
    <failure type="java.lang.AssertionError" message="expected [false] but found [true]">
      <![CDATA[java.lang.AssertionError: expected [false] but found [true]
at TestPackage.ActionsOnToDosPage.EditToDosTest(ActionsOnToDosPage.java:70)
at java.base/java.util.ArrayList.forEach(ArrayList.java:1541)
... Removed 37 stack frames]]>
    </failure>
  </testcase> <!-- EditToDosTest -->
</testsuite> <!-- Test -->
