<?xml version="1.0" encoding="UTF-8"?>
<testng-results ignored="0" total="1" passed="1" failed="0" skipped="0">
  <reporter-output>
  </reporter-output>
  <suite started-at="2022-02-18T03:00:02 IST" name="Default suite" finished-at="2022-02-18T03:00:03 IST" duration-ms="1125">
    <groups>
    </groups>
    <test started-at="2022-02-18T03:00:02 IST" name="Default test" finished-at="2022-02-18T03:00:03 IST" duration-ms="1125">
      <class name="TestPackage.EditTodaosTest">
        <test-method signature="EditToDosTest()[pri:0, instance:TestPackage.EditTodaosTest@49b07ee3]" started-at="2022-02-18T03:00:02 IST" name="EditToDosTest" finished-at="2022-02-18T03:00:03 IST" duration-ms="1019" status="PASS">
          <reporter-output>
          </reporter-output>
        </test-method> <!-- EditToDosTest -->
        <test-method is-config="true" signature="Cleartest()[pri:0, instance:TestPackage.EditTodaosTest@49b07ee3]" started-at="2022-02-18T03:00:03 IST" name="Cleartest" finished-at="2022-02-18T03:00:03 IST" duration-ms="2" status="PASS">
          <reporter-output>
          </reporter-output>
        </test-method> <!-- Cleartest -->
      </class> <!-- TestPackage.EditTodaosTest -->
    </test> <!-- Default test -->
  </suite> <!-- Default suite -->
</testng-results>
